
> rest-express@1.0.0 dev
> cross-env NODE_ENV=development tsx watch server/index.ts

[dotenv@17.2.3] injecting env (7) from .env -- tip: 🔐 encrypt with Dotenvx: https://dotenvx.com
ENV TEST: postgresql://postgres:Postgres%40123@localhost:5432/aquanav
Error in getUserByUsername: AggregateError [ECONNREFUSED]:
    at internalConnectMultiple (node:net:1134:18)
    at afterConnectMultiple (node:net:1715:7) {
  code: 'ECONNREFUSED',
  [errors]: [
    Error: connect ECONNREFUSED ::1:5432
        at createConnectionError (node:net:1678:14)
        at afterConnectMultiple (node:net:1708:16) {
      errno: -111,
      code: 'ECONNREFUSED',
      syscall: 'connect',
      address: '::1',
      port: 5432
    },
    Error: connect ECONNREFUSED 127.0.0.1:5432
        at createConnectionError (node:net:1678:14)
        at afterConnectMultiple (node:net:1708:16) {
      errno: -111,
      code: 'ECONNREFUSED',
      syscall: 'connect',
      address: '127.0.0.1',
      port: 5432
    }
  ]
}
Database initialization failed: AggregateError [ECONNREFUSED]:
    at internalConnectMultiple (node:net:1134:18)
    at afterConnectMultiple (node:net:1715:7) {
  code: 'ECONNREFUSED',
  [errors]: [
    Error: connect ECONNREFUSED ::1:5432
        at createConnectionError (node:net:1678:14)
        at afterConnectMultiple (node:net:1708:16) {
      errno: -111,
      code: 'ECONNREFUSED',
      syscall: 'connect',
      address: '::1',
      port: 5432
    },
    Error: connect ECONNREFUSED 127.0.0.1:5432
        at createConnectionError (node:net:1678:14)
        at afterConnectMultiple (node:net:1708:16) {
      errno: -111,
      code: 'ECONNREFUSED',
      syscall: 'connect',
      address: '127.0.0.1',
      port: 5432
    }
  ]
}
node:internal/process/promises:394
    triggerUncaughtException(err, true /* fromPromise */);
    ^

AggregateError [ECONNREFUSED]:
    at internalConnectMultiple (node:net:1134:18)
    at afterConnectMultiple (node:net:1715:7) {
  code: 'ECONNREFUSED',
  [errors]: [
    Error: connect ECONNREFUSED ::1:5432
        at createConnectionError (node:net:1678:14)
        at afterConnectMultiple (node:net:1708:16) {
      errno: -111,
      code: 'ECONNREFUSED',
      syscall: 'connect',
      address: '::1',
      port: 5432
    },
    Error: connect ECONNREFUSED 127.0.0.1:5432
        at createConnectionError (node:net:1678:14)
        at afterConnectMultiple (node:net:1708:16) {
      errno: -111,
      code: 'ECONNREFUSED',
      syscall: 'connect',
      address: '127.0.0.1',
      port: 5432
    }
  ]
}

Node.js v22.21.1
